<?xml version="1.0" encoding="UTF-8"?>
<!-- Generated by org.testng.reporters.JUnitReportReporter -->
<testsuite hostname="MNCTVN05747" name="testcases.Login" tests="2" failures="0" timestamp="22 Oct 2020 04:36:47 GMT" time="21.151" errors="0">
  <testcase name="loginPositive" time="11.857" classname="testcases.Login"/>
  <testcase name="loginPositive" time="9.294" classname="testcases.Login"/>
</testsuite> <!-- testcases.Login -->
