<?xml version="1.0" encoding="UTF-8"?>
<!-- Generated by org.testng.reporters.JUnitReportReporter -->
<testsuite hostname="MNCTVN05747" name="testcases.Login" tests="2" failures="0" timestamp="22 Oct 2020 04:41:25 GMT" time="24.450" errors="0">
  <testcase name="loginPositive" time="14.637" classname="testcases.Login"/>
  <testcase name="loginPositive" time="9.813" classname="testcases.Login"/>
</testsuite> <!-- testcases.Login -->
